Arguments: 
  /Users/ken0638/.nvm/versions/node/v12.14.0/bin/node /usr/local/Cellar/yarn/1.22.5/libexec/bin/yarn.js

PATH: 
  /Users/ken0638/.nvm/versions/node/v12.14.0/bin:/usr/local/bin:/usr/bin:/bin:/usr/sbin:/sbin:/Users/ken0638/Downloads/google-cloud-sdk/bin

Yarn version: 
  1.22.5

Node version: 
  12.14.0

Platform: 
  darwin x64

Trace: 
  SyntaxError: /Users/ken0638/reactDateRangePicker/package.json: Unexpected token } in JSON at position 224
      at JSON.parse (<anonymous>)
      at /usr/local/Cellar/yarn/1.22.5/libexec/lib/cli.js:1625:59
      at Generator.next (<anonymous>)
      at step (/usr/local/Cellar/yarn/1.22.5/libexec/lib/cli.js:310:30)
      at /usr/local/Cellar/yarn/1.22.5/libexec/lib/cli.js:321:13

npm manifest: 
  {
    "name": "react-daterangepicker-moment",
    "version": "1.0.0",
    "description": "easy use date componenet ,built with moment  ",
    "main": "./dist/bundle.js",
    "dependencies": {
      "react-transition-group": "^4.4.1",
    },
    "peerDependencies": {
      "react": ">=16.8.0",
      "moment": "^2.29.1",
      "react-dom": ">=16.8.0"
    },
    "devDependencies": {
      "styled-components": "^5.2.1",
      "moment": "^2.29.1",
      "@babel/plugin-proposal-class-properties": "^7.12.1",
      "@babel/preset-env": "^7.12.7",
      "@babel/preset-react": "^7.12.7",
      "webpack": "^5.10.0",
      "webpack-cli": "^4.2.0",
      "webpack-dev-server": "^3.11.0",
      "css-loader": "^5.0.1",
      "style-loader": "^2.0.0",
      "@babel/core": "^7.12.9",
      "@types/react": "^16.9.53",
      "@types/react-dom": "^16.9.8",
      "babel-loader": "^8.2.2"
    },
    "scripts": {
      "dev": "webpack serve --env development",
      "build": "webpack --mode production"
    },
    "repository": {
      "type": "git",
      "url": "git+https://github.com/KenYPS/react-DateRangePicker.git"
    },
    "author": "KenYPS",
    "license": "ISC",
    "bugs": {
      "url": "https://github.com/KenYPS/react-DateRangePicker/issues"
    },
    "homepage": "https://github.com/KenYPS/react-DateRangePicker#readme"
  }

yarn manifest: 
  No manifest

Lockfile: 
  No lockfile
